# JRE version: OpenJDK Runtime Environment (8.0_242-b01) (build 1.8.0_242-release-1644-b01)
# Java VM: OpenJDK 64-Bit Server VM (25.242-b01 mixed mode windows-amd64 compressed oops)
Heap:
 PSYoungGen      total 272896K, used 52305K [0x00000000d5580000, 0x00000000e7600000, 0x0000000100000000)
  eden space 250368K, 11% used [0x00000000d5580000,0x00000000d7298750,0x00000000e4a00000)
  from space 22528K, 99% used [0x00000000e4a00000,0x00000000e5ffbe20,0x00000000e6000000)
  to   space 16384K, 0% used [0x00000000e6600000,0x00000000e6600000,0x00000000e7600000)
 ParOldGen       total 115712K, used 61095K [0x0000000080000000, 0x0000000087100000, 0x00000000d5580000)
  object space 115712K, 52% used [0x0000000080000000,0x0000000083ba9df8,0x0000000087100000)
 Metaspace       used 86761K, capacity 90804K, committed 90968K, reserved 1128448K
  class space    used 11310K, capacity 12071K, committed 12160K, reserved 1048576K
GC Heap History (10 events):
Event: 9.240 GC heap before
{Heap before GC invocations=14 (full 2):
 PSYoungGen      total 174592K, used 74982K [0x00000000d5580000, 0x00000000e3f80000, 0x0000000100000000)
  eden space 163328K, 39% used [0x00000000d5580000,0x00000000d93ba4a8,0x00000000df500000)
  from space 11264K, 99% used [0x00000000df500000,0x00000000dffff4a0,0x00000000e0000000)
  to   space 16384K, 0% used [0x00000000e2f80000,0x00000000e2f80000,0x00000000e3f80000)
 ParOldGen       total 74240K, used 25475K [0x0000000080000000, 0x0000000084880000, 0x00000000d5580000)
  object space 74240K, 34% used [0x0000000080000000,0x00000000818e0ce8,0x0000000084880000)
 Metaspace       used 56560K, capacity 59086K, committed 59096K, reserved 1099776K
  class space    used 7646K, capacity 8182K, committed 8192K, reserved 1048576K
Event: 9.260 GC heap after
Heap after GC invocations=14 (full 2):
 PSYoungGen      total 223744K, used 7604K [0x00000000d5580000, 0x00000000e4e80000, 0x0000000100000000)
  eden space 207360K, 0% used [0x00000000d5580000,0x00000000d5580000,0x00000000e2000000)
  from space 16384K, 46% used [0x00000000e2f80000,0x00000000e36ed330,0x00000000e3f80000)
  to   space 15872K, 0% used [0x00000000e2000000,0x00000000e2000000,0x00000000e2f80000)
 ParOldGen       total 74240K, used 33667K [0x0000000080000000, 0x0000000084880000, 0x00000000d5580000)
  object space 74240K, 45% used [0x0000000080000000,0x00000000820e0fd0,0x0000000084880000)
 Metaspace       used 56560K, capacity 59086K, committed 59096K, reserved 1099776K
  class space    used 7646K, capacity 8182K, committed 8192K, reserved 1048576K
}
Event: 9.260 GC heap before
{Heap before GC invocations=15 (full 3):
 PSYoungGen      total 223744K, used 7604K [0x00000000d5580000, 0x00000000e4e80000, 0x0000000100000000)
  eden space 207360K, 0% used [0x00000000d5580000,0x00000000d5580000,0x00000000e2000000)
  from space 16384K, 46% used [0x00000000e2f80000,0x00000000e36ed330,0x00000000e3f80000)
  to   space 15872K, 0% used [0x00000000e2000000,0x00000000e2000000,0x00000000e2f80000)
 ParOldGen       total 74240K, used 33667K [0x0000000080000000, 0x0000000084880000, 0x00000000d5580000)
  object space 74240K, 45% used [0x0000000080000000,0x00000000820e0fd0,0x0000000084880000)
 Metaspace       used 56560K, capacity 59086K, committed 59096K, reserved 1099776K
  class space    used 7646K, capacity 8182K, committed 8192K, reserved 1048576K
Event: 9.475 GC heap after
Heap after GC invocations=15 (full 3):
 PSYoungGen      total 223744K, used 0K [0x00000000d5580000, 0x00000000e4e80000, 0x0000000100000000)
  eden space 207360K, 0% used [0x00000000d5580000,0x00000000d5580000,0x00000000e2000000)
  from space 16384K, 0% used [0x00000000e2f80000,0x00000000e2f80000,0x00000000e3f80000)
  to   space 15872K, 0% used [0x00000000e2000000,0x00000000e2000000,0x00000000e2f80000)
 ParOldGen       total 115712K, used 32132K [0x0000000080000000, 0x0000000087100000, 0x00000000d5580000)
  object space 115712K, 27% used [0x0000000080000000,0x0000000081f611a0,0x0000000087100000)
 Metaspace       used 56544K, capacity 59032K, committed 59096K, reserved 1099776K
  class space    used 7641K, capacity 8173K, committed 8192K, reserved 1048576K
}
Event: 26.449 GC heap before
{Heap before GC invocations=16 (full 3):
 PSYoungGen      total 223744K, used 207222K [0x00000000d5580000, 0x00000000e4e80000, 0x0000000100000000)
  eden space 207360K, 99% used [0x00000000d5580000,0x00000000e1fdd9f8,0x00000000e2000000)
  from space 16384K, 0% used [0x00000000e2f80000,0x00000000e2f80000,0x00000000e3f80000)
  to   space 15872K, 0% used [0x00000000e2000000,0x00000000e2000000,0x00000000e2f80000)
 ParOldGen       total 115712K, used 32132K [0x0000000080000000, 0x0000000087100000, 0x00000000d5580000)
  object space 115712K, 27% used [0x0000000080000000,0x0000000081f611a0,0x0000000087100000)
 Metaspace       used 67122K, capacity 70406K, committed 70488K, reserved 1110016K
  class space    used 9169K, capacity 9824K, committed 9856K, reserved 1048576K
Event: 26.479 GC heap after
Heap after GC invocations=16 (full 3):
 PSYoungGen      total 223232K, used 15859K [0x00000000d5580000, 0x00000000e7c80000, 0x0000000100000000)
  eden space 207360K, 0% used [0x00000000d5580000,0x00000000d5580000,0x00000000e2000000)
  from space 15872K, 99% used [0x00000000e2000000,0x00000000e2f7cee0,0x00000000e2f80000)
  to   space 23040K, 0% used [0x00000000e6600000,0x00000000e6600000,0x00000000e7c80000)
 ParOldGen       total 115712K, used 45768K [0x0000000080000000, 0x0000000087100000, 0x00000000d5580000)
  object space 115712K, 39% used [0x0000000080000000,0x0000000082cb22c0,0x0000000087100000)
 Metaspace       used 67122K, capacity 70406K, committed 70488K, reserved 1110016K
  class space    used 9169K, capacity 9824K, committed 9856K, reserved 1048576K
}
Event: 37.076 GC heap before
{Heap before GC invocations=17 (full 3):
 PSYoungGen      total 223232K, used 223219K [0x00000000d5580000, 0x00000000e7c80000, 0x0000000100000000)
  eden space 207360K, 100% used [0x00000000d5580000,0x00000000e2000000,0x00000000e2000000)
  from space 15872K, 99% used [0x00000000e2000000,0x00000000e2f7cee0,0x00000000e2f80000)
  to   space 23040K, 0% used [0x00000000e6600000,0x00000000e6600000,0x00000000e7c80000)
 ParOldGen       total 115712K, used 45768K [0x0000000080000000, 0x0000000087100000, 0x00000000d5580000)
  object space 115712K, 39% used [0x0000000080000000,0x0000000082cb22c0,0x0000000087100000)
 Metaspace       used 73059K, capacity 76744K, committed 76888K, reserved 1116160K
  class space    used 9869K, capacity 10589K, committed 10624K, reserved 1048576K
Event: 37.152 GC heap after
Heap after GC invocations=17 (full 3):
 PSYoungGen      total 266752K, used 12611K [0x00000000d5580000, 0x00000000e7600000, 0x0000000100000000)
  eden space 250368K, 0% used [0x00000000d5580000,0x00000000d5580000,0x00000000e4a00000)
  from space 16384K, 76% used [0x00000000e6600000,0x00000000e7250e60,0x00000000e7600000)
  to   space 22528K, 0% used [0x00000000e4a00000,0x00000000e4a00000,0x00000000e6000000)
 ParOldGen       total 115712K, used 59987K [0x0000000080000000, 0x0000000087100000, 0x00000000d5580000)
  object space 115712K, 51% used [0x0000000080000000,0x0000000083a94c08,0x0000000087100000)
 Metaspace       used 73059K, capacity 76744K, committed 76888K, reserved 1116160K
  class space    used 9869K, capacity 10589K, committed 10624K, reserved 1048576K
}
Event: 208.939 GC heap before
{Heap before GC invocations=18 (full 3):
 PSYoungGen      total 266752K, used 262979K [0x00000000d5580000, 0x00000000e7600000, 0x0000000100000000)
  eden space 250368K, 100% used [0x00000000d5580000,0x00000000e4a00000,0x00000000e4a00000)
  from space 16384K, 76% used [0x00000000e6600000,0x00000000e7250e60,0x00000000e7600000)
  to   space 22528K, 0% used [0x00000000e4a00000,0x00000000e4a00000,0x00000000e6000000)
 ParOldGen       total 115712K, used 59987K [0x0000000080000000, 0x0000000087100000, 0x00000000d5580000)
  object space 115712K, 51% used [0x0000000080000000,0x0000000083a94c08,0x0000000087100000)
 Metaspace       used 85980K, capacity 90016K, committed 90328K, reserved 1128448K
  class space    used 11213K, capacity 11987K, committed 12032K, reserved 1048576K
Event: 208.978 GC heap after
Heap after GC invocations=18 (full 3):
 PSYoungGen      total 272896K, used 22511K [0x00000000d5580000, 0x00000000e7600000, 0x0000000100000000)
  eden space 250368K, 0% used [0x00000000d5580000,0x00000000d5580000,0x00000000e4a00000)
  from space 22528K, 99% used [0x00000000e4a00000,0x00000000e5ffbe20,0x00000000e6000000)
  to   space 16384K, 0% used [0x00000000e6600000,0x00000000e6600000,0x00000000e7600000)
 ParOldGen       total 115712K, used 61095K [0x0000000080000000, 0x0000000087100000, 0x00000000d5580000)
  object space 115712K, 52% used [0x0000000080000000,0x0000000083ba9df8,0x0000000087100000)
 Metaspace       used 85980K, capacity 90016K, committed 90328K, reserved 1128448K
  class space    used 11213K, capacity 11987K, committed 12032K, reserved 1048576K
}

