# JRE version: OpenJDK Runtime Environment (8.0_242-b01) (build 1.8.0_242-release-1644-b01)
# Java VM: OpenJDK 64-Bit Server VM (25.242-b01 mixed mode windows-amd64 compressed oops)
Heap:
 PSYoungGen      total 89088K, used 68241K [0x00000000d5f00000, 0x00000000de000000, 0x0000000100000000)
  eden space 72704K, 93% used [0x00000000d5f00000,0x00000000da1a4400,0x00000000da600000)
  from space 16384K, 0% used [0x00000000db600000,0x00000000db600000,0x00000000dc600000)
  to   space 16384K, 0% used [0x00000000da600000,0x00000000da600000,0x00000000db600000)
 ParOldGen       total 66048K, used 16193K [0x0000000081c00000, 0x0000000085c80000, 0x00000000d5f00000)
  object space 66048K, 24% used [0x0000000081c00000,0x0000000082bd0648,0x0000000085c80000)
 Metaspace       used 41231K, capacity 41848K, committed 42240K, reserved 1085440K
  class space    used 5122K, capacity 5296K, committed 5376K, reserved 1048576K
GC Heap History (10 events):
Event: 1.312 GC heap before
{Heap before GC invocations=4 (full 1):
 PSYoungGen      total 38400K, used 5104K [0x00000000d5f00000, 0x00000000daa00000, 0x0000000100000000)
  eden space 33280K, 0% used [0x00000000d5f00000,0x00000000d5f00000,0x00000000d7f80000)
  from space 5120K, 99% used [0x00000000d7f80000,0x00000000d847c020,0x00000000d8480000)
  to   space 5120K, 0% used [0x00000000da500000,0x00000000da500000,0x00000000daa00000)
 ParOldGen       total 87552K, used 11794K [0x0000000081c00000, 0x0000000087180000, 0x00000000d5f00000)
  object space 87552K, 13% used [0x0000000081c00000,0x0000000082784ad0,0x0000000087180000)
 Metaspace       used 20818K, capacity 21204K, committed 21248K, reserved 1069056K
  class space    used 2424K, capacity 2558K, committed 2560K, reserved 1048576K
Event: 1.340 GC heap after
Heap after GC invocations=4 (full 1):
 PSYoungGen      total 38400K, used 0K [0x00000000d5f00000, 0x00000000daa00000, 0x0000000100000000)
  eden space 33280K, 0% used [0x00000000d5f00000,0x00000000d5f00000,0x00000000d7f80000)
  from space 5120K, 0% used [0x00000000d7f80000,0x00000000d7f80000,0x00000000d8480000)
  to   space 5120K, 0% used [0x00000000da500000,0x00000000da500000,0x00000000daa00000)
 ParOldGen       total 66048K, used 9235K [0x0000000081c00000, 0x0000000085c80000, 0x00000000d5f00000)
  object space 66048K, 13% used [0x0000000081c00000,0x0000000082504c78,0x0000000085c80000)
 Metaspace       used 20818K, capacity 21204K, committed 21248K, reserved 1069056K
  class space    used 2424K, capacity 2558K, committed 2560K, reserved 1048576K
}
Event: 1.748 GC heap before
{Heap before GC invocations=5 (full 1):
 PSYoungGen      total 38400K, used 33280K [0x00000000d5f00000, 0x00000000daa00000, 0x0000000100000000)
  eden space 33280K, 100% used [0x00000000d5f00000,0x00000000d7f80000,0x00000000d7f80000)
  from space 5120K, 0% used [0x00000000d7f80000,0x00000000d7f80000,0x00000000d8480000)
  to   space 5120K, 0% used [0x00000000da500000,0x00000000da500000,0x00000000daa00000)
 ParOldGen       total 66048K, used 9235K [0x0000000081c00000, 0x0000000085c80000, 0x00000000d5f00000)
  object space 66048K, 13% used [0x0000000081c00000,0x0000000082504c78,0x0000000085c80000)
 Metaspace       used 24433K, capacity 24980K, committed 25088K, reserved 1071104K
  class space    used 2898K, capacity 3059K, committed 3072K, reserved 1048576K
Event: 1.756 GC heap after
Heap after GC invocations=5 (full 1):
 PSYoungGen      total 54272K, used 5118K [0x00000000d5f00000, 0x00000000daa00000, 0x0000000100000000)
  eden space 49152K, 0% used [0x00000000d5f00000,0x00000000d5f00000,0x00000000d8f00000)
  from space 5120K, 99% used [0x00000000da500000,0x00000000da9ff988,0x00000000daa00000)
  to   space 5120K, 0% used [0x00000000da000000,0x00000000da000000,0x00000000da500000)
 ParOldGen       total 66048K, used 11419K [0x0000000081c00000, 0x0000000085c80000, 0x00000000d5f00000)
  object space 66048K, 17% used [0x0000000081c00000,0x0000000082726d30,0x0000000085c80000)
 Metaspace       used 24433K, capacity 24980K, committed 25088K, reserved 1071104K
  class space    used 2898K, capacity 3059K, committed 3072K, reserved 1048576K
}
Event: 2.400 GC heap before
{Heap before GC invocations=6 (full 1):
 PSYoungGen      total 54272K, used 54270K [0x00000000d5f00000, 0x00000000daa00000, 0x0000000100000000)
  eden space 49152K, 100% used [0x00000000d5f00000,0x00000000d8f00000,0x00000000d8f00000)
  from space 5120K, 99% used [0x00000000da500000,0x00000000da9ff988,0x00000000daa00000)
  to   space 5120K, 0% used [0x00000000da000000,0x00000000da000000,0x00000000da500000)
 ParOldGen       total 66048K, used 11419K [0x0000000081c00000, 0x0000000085c80000, 0x00000000d5f00000)
  object space 66048K, 17% used [0x0000000081c00000,0x0000000082726d30,0x0000000085c80000)
 Metaspace       used 33070K, capacity 33570K, committed 34048K, reserved 1079296K
  class space    used 4131K, capacity 4315K, committed 4352K, reserved 1048576K
Event: 2.412 GC heap after
Heap after GC invocations=6 (full 1):
 PSYoungGen      total 71680K, used 5091K [0x00000000d5f00000, 0x00000000dc600000, 0x0000000100000000)
  eden space 66560K, 0% used [0x00000000d5f00000,0x00000000d5f00000,0x00000000da000000)
  from space 5120K, 99% used [0x00000000da000000,0x00000000da4f8c60,0x00000000da500000)
  to   space 16384K, 0% used [0x00000000db600000,0x00000000db600000,0x00000000dc600000)
 ParOldGen       total 66048K, used 23733K [0x0000000081c00000, 0x0000000085c80000, 0x00000000d5f00000)
  object space 66048K, 35% used [0x0000000081c00000,0x000000008332d620,0x0000000085c80000)
 Metaspace       used 33070K, capacity 33570K, committed 34048K, reserved 1079296K
  class space    used 4131K, capacity 4315K, committed 4352K, reserved 1048576K
}
Event: 2.640 GC heap before
{Heap before GC invocations=7 (full 1):
 PSYoungGen      total 71680K, used 11859K [0x00000000d5f00000, 0x00000000dc600000, 0x0000000100000000)
  eden space 66560K, 10% used [0x00000000d5f00000,0x00000000d659c2f8,0x00000000da000000)
  from space 5120K, 99% used [0x00000000da000000,0x00000000da4f8c60,0x00000000da500000)
  to   space 16384K, 0% used [0x00000000db600000,0x00000000db600000,0x00000000dc600000)
 ParOldGen       total 66048K, used 23733K [0x0000000081c00000, 0x0000000085c80000, 0x00000000d5f00000)
  object space 66048K, 35% used [0x0000000081c00000,0x000000008332d620,0x0000000085c80000)
 Metaspace       used 34595K, capacity 35058K, committed 35416K, reserved 1081344K
  class space    used 4344K, capacity 4511K, committed 4608K, reserved 1048576K
Event: 2.645 GC heap after
Heap after GC invocations=7 (full 1):
 PSYoungGen      total 89088K, used 7219K [0x00000000d5f00000, 0x00000000de000000, 0x0000000100000000)
  eden space 72704K, 0% used [0x00000000d5f00000,0x00000000d5f00000,0x00000000da600000)
  from space 16384K, 44% used [0x00000000db600000,0x00000000dbd0cc48,0x00000000dc600000)
  to   space 16384K, 0% used [0x00000000da600000,0x00000000da600000,0x00000000db600000)
 ParOldGen       total 66048K, used 23741K [0x0000000081c00000, 0x0000000085c80000, 0x00000000d5f00000)
  object space 66048K, 35% used [0x0000000081c00000,0x000000008332f620,0x0000000085c80000)
 Metaspace       used 34595K, capacity 35058K, committed 35416K, reserved 1081344K
  class space    used 4344K, capacity 4511K, committed 4608K, reserved 1048576K
}
Event: 2.645 GC heap before
{Heap before GC invocations=8 (full 2):
 PSYoungGen      total 89088K, used 7219K [0x00000000d5f00000, 0x00000000de000000, 0x0000000100000000)
  eden space 72704K, 0% used [0x00000000d5f00000,0x00000000d5f00000,0x00000000da600000)
  from space 16384K, 44% used [0x00000000db600000,0x00000000dbd0cc48,0x00000000dc600000)
  to   space 16384K, 0% used [0x00000000da600000,0x00000000da600000,0x00000000db600000)
 ParOldGen       total 66048K, used 23741K [0x0000000081c00000, 0x0000000085c80000, 0x00000000d5f00000)
  object space 66048K, 35% used [0x0000000081c00000,0x000000008332f620,0x0000000085c80000)
 Metaspace       used 34595K, capacity 35058K, committed 35416K, reserved 1081344K
  class space    used 4344K, capacity 4511K, committed 4608K, reserved 1048576K
Event: 2.700 GC heap after
Heap after GC invocations=8 (full 2):
 PSYoungGen      total 89088K, used 0K [0x00000000d5f00000, 0x00000000de000000, 0x0000000100000000)
  eden space 72704K, 0% used [0x00000000d5f00000,0x00000000d5f00000,0x00000000da600000)
  from space 16384K, 0% used [0x00000000db600000,0x00000000db600000,0x00000000dc600000)
  to   space 16384K, 0% used [0x00000000da600000,0x00000000da600000,0x00000000db600000)
 ParOldGen       total 66048K, used 16193K [0x0000000081c00000, 0x0000000085c80000, 0x00000000d5f00000)
  object space 66048K, 24% used [0x0000000081c00000,0x0000000082bd0648,0x0000000085c80000)
 Metaspace       used 34595K, capacity 35058K, committed 35416K, reserved 1081344K
  class space    used 4344K, capacity 4511K, committed 4608K, reserved 1048576K
}

