# JRE version: OpenJDK Runtime Environment (8.0_242-b01) (build 1.8.0_242-release-1644-b01)
# Java VM: OpenJDK 64-Bit Server VM (25.242-b01 mixed mode windows-amd64 compressed oops)
Heap:
 PSYoungGen      total 276480K, used 212558K [0x00000000d5580000, 0x00000000e8000000, 0x0000000100000000)
  eden space 258560K, 75% used [0x00000000d5580000,0x00000000e14c3a30,0x00000000e5200000)
  from space 17920K, 93% used [0x00000000e6e80000,0x00000000e7ed0030,0x00000000e8000000)
  to   space 23552K, 0% used [0x00000000e5200000,0x00000000e5200000,0x00000000e6900000)
 ParOldGen       total 122880K, used 51164K [0x0000000080000000, 0x0000000087800000, 0x00000000d5580000)
  object space 122880K, 41% used [0x0000000080000000,0x00000000831f71a0,0x0000000087800000)
 Metaspace       used 81269K, capacity 85816K, committed 85976K, reserved 1124352K
  class space    used 10637K, capacity 11483K, committed 11520K, reserved 1048576K
GC Heap History (10 events):
Event: 9.636 GC heap before
{Heap before GC invocations=15 (full 3):
 PSYoungGen      total 211456K, used 8069K [0x00000000d5580000, 0x00000000e4300000, 0x0000000100000000)
  eden space 195072K, 0% used [0x00000000d5580000,0x00000000d5580000,0x00000000e1400000)
  from space 16384K, 49% used [0x00000000e2380000,0x00000000e2b61458,0x00000000e3380000)
  to   space 15872K, 0% used [0x00000000e1400000,0x00000000e1400000,0x00000000e2380000)
 ParOldGen       total 79360K, used 32122K [0x0000000080000000, 0x0000000084d80000, 0x00000000d5580000)
  object space 79360K, 40% used [0x0000000080000000,0x0000000081f5e8e8,0x0000000084d80000)
 Metaspace       used 56550K, capacity 59014K, committed 59096K, reserved 1099776K
  class space    used 7647K, capacity 8180K, committed 8192K, reserved 1048576K
Event: 9.876 GC heap after
Heap after GC invocations=15 (full 3):
 PSYoungGen      total 211456K, used 0K [0x00000000d5580000, 0x00000000e4300000, 0x0000000100000000)
  eden space 195072K, 0% used [0x00000000d5580000,0x00000000d5580000,0x00000000e1400000)
  from space 16384K, 0% used [0x00000000e2380000,0x00000000e2380000,0x00000000e3380000)
  to   space 15872K, 0% used [0x00000000e1400000,0x00000000e1400000,0x00000000e2380000)
 ParOldGen       total 122880K, used 32356K [0x0000000080000000, 0x0000000087800000, 0x00000000d5580000)
  object space 122880K, 26% used [0x0000000080000000,0x0000000081f992b8,0x0000000087800000)
 Metaspace       used 56537K, capacity 58972K, committed 59096K, reserved 1099776K
  class space    used 7643K, capacity 8173K, committed 8192K, reserved 1048576K
}
Event: 13.371 GC heap before
{Heap before GC invocations=16 (full 3):
 PSYoungGen      total 211456K, used 195072K [0x00000000d5580000, 0x00000000e4300000, 0x0000000100000000)
  eden space 195072K, 100% used [0x00000000d5580000,0x00000000e1400000,0x00000000e1400000)
  from space 16384K, 0% used [0x00000000e2380000,0x00000000e2380000,0x00000000e3380000)
  to   space 15872K, 0% used [0x00000000e1400000,0x00000000e1400000,0x00000000e2380000)
 ParOldGen       total 122880K, used 32356K [0x0000000080000000, 0x0000000087800000, 0x00000000d5580000)
  object space 122880K, 26% used [0x0000000080000000,0x0000000081f992b8,0x0000000087800000)
 Metaspace       used 65872K, capacity 69084K, committed 69336K, reserved 1110016K
  class space    used 8998K, capacity 9617K, committed 9728K, reserved 1048576K
Event: 13.391 GC heap after
Heap after GC invocations=16 (full 3):
 PSYoungGen      total 210944K, used 15857K [0x00000000d5580000, 0x00000000e6480000, 0x0000000100000000)
  eden space 195072K, 0% used [0x00000000d5580000,0x00000000d5580000,0x00000000e1400000)
  from space 15872K, 99% used [0x00000000e1400000,0x00000000e237c6c8,0x00000000e2380000)
  to   space 19968K, 0% used [0x00000000e5100000,0x00000000e5100000,0x00000000e6480000)
 ParOldGen       total 122880K, used 38106K [0x0000000080000000, 0x0000000087800000, 0x00000000d5580000)
  object space 122880K, 31% used [0x0000000080000000,0x0000000082536ba0,0x0000000087800000)
 Metaspace       used 65872K, capacity 69084K, committed 69336K, reserved 1110016K
  class space    used 8998K, capacity 9617K, committed 9728K, reserved 1048576K
}
Event: 36.926 GC heap before
{Heap before GC invocations=17 (full 3):
 PSYoungGen      total 210944K, used 210929K [0x00000000d5580000, 0x00000000e6480000, 0x0000000100000000)
  eden space 195072K, 100% used [0x00000000d5580000,0x00000000e1400000,0x00000000e1400000)
  from space 15872K, 99% used [0x00000000e1400000,0x00000000e237c6c8,0x00000000e2380000)
  to   space 19968K, 0% used [0x00000000e5100000,0x00000000e5100000,0x00000000e6480000)
 ParOldGen       total 122880K, used 38106K [0x0000000080000000, 0x0000000087800000, 0x00000000d5580000)
  object space 122880K, 31% used [0x0000000080000000,0x0000000082536ba0,0x0000000087800000)
 Metaspace       used 76137K, capacity 79654K, committed 79704K, reserved 1118208K
  class space    used 10202K, capacity 10866K, committed 10880K, reserved 1048576K
Event: 36.954 GC heap after
Heap after GC invocations=17 (full 3):
 PSYoungGen      total 247296K, used 16242K [0x00000000d5580000, 0x00000000e6100000, 0x0000000100000000)
  eden space 230912K, 0% used [0x00000000d5580000,0x00000000d5580000,0x00000000e3700000)
  from space 16384K, 99% used [0x00000000e5100000,0x00000000e60dca90,0x00000000e6100000)
  to   space 21504K, 0% used [0x00000000e3700000,0x00000000e3700000,0x00000000e4c00000)
 ParOldGen       total 122880K, used 51148K [0x0000000080000000, 0x0000000087800000, 0x00000000d5580000)
  object space 122880K, 41% used [0x0000000080000000,0x00000000831f31a0,0x0000000087800000)
 Metaspace       used 76137K, capacity 79654K, committed 79704K, reserved 1118208K
  class space    used 10202K, capacity 10866K, committed 10880K, reserved 1048576K
}
Event: 153.397 GC heap before
{Heap before GC invocations=18 (full 3):
 PSYoungGen      total 247296K, used 247154K [0x00000000d5580000, 0x00000000e6100000, 0x0000000100000000)
  eden space 230912K, 100% used [0x00000000d5580000,0x00000000e3700000,0x00000000e3700000)
  from space 16384K, 99% used [0x00000000e5100000,0x00000000e60dca90,0x00000000e6100000)
  to   space 21504K, 0% used [0x00000000e3700000,0x00000000e3700000,0x00000000e4c00000)
 ParOldGen       total 122880K, used 51148K [0x0000000080000000, 0x0000000087800000, 0x00000000d5580000)
  object space 122880K, 41% used [0x0000000080000000,0x00000000831f31a0,0x0000000087800000)
 Metaspace       used 77211K, capacity 80784K, committed 81112K, reserved 1120256K
  class space    used 10223K, capacity 10895K, committed 11008K, reserved 1048576K
Event: 153.414 GC heap after
Heap after GC invocations=18 (full 3):
 PSYoungGen      total 252416K, used 16272K [0x00000000d5580000, 0x00000000e8480000, 0x0000000100000000)
  eden space 230912K, 0% used [0x00000000d5580000,0x00000000d5580000,0x00000000e3700000)
  from space 21504K, 75% used [0x00000000e3700000,0x00000000e46e4020,0x00000000e4c00000)
  to   space 22528K, 0% used [0x00000000e6e80000,0x00000000e6e80000,0x00000000e8480000)
 ParOldGen       total 122880K, used 51156K [0x0000000080000000, 0x0000000087800000, 0x00000000d5580000)
  object space 122880K, 41% used [0x0000000080000000,0x00000000831f51a0,0x0000000087800000)
 Metaspace       used 77211K, capacity 80784K, committed 81112K, reserved 1120256K
  class space    used 10223K, capacity 10895K, committed 11008K, reserved 1048576K
}
Event: 459.657 GC heap before
{Heap before GC invocations=19 (full 3):
 PSYoungGen      total 252416K, used 247184K [0x00000000d5580000, 0x00000000e8480000, 0x0000000100000000)
  eden space 230912K, 100% used [0x00000000d5580000,0x00000000e3700000,0x00000000e3700000)
  from space 21504K, 75% used [0x00000000e3700000,0x00000000e46e4020,0x00000000e4c00000)
  to   space 22528K, 0% used [0x00000000e6e80000,0x00000000e6e80000,0x00000000e8480000)
 ParOldGen       total 122880K, used 51156K [0x0000000080000000, 0x0000000087800000, 0x00000000d5580000)
  object space 122880K, 41% used [0x0000000080000000,0x00000000831f51a0,0x0000000087800000)
 Metaspace       used 77947K, capacity 81772K, committed 81880K, reserved 1120256K
  class space    used 10249K, capacity 10941K, committed 11008K, reserved 1048576K
Event: 459.681 GC heap after
Heap after GC invocations=19 (full 3):
 PSYoungGen      total 276480K, used 16704K [0x00000000d5580000, 0x00000000e8000000, 0x0000000100000000)
  eden space 258560K, 0% used [0x00000000d5580000,0x00000000d5580000,0x00000000e5200000)
  from space 17920K, 93% used [0x00000000e6e80000,0x00000000e7ed0030,0x00000000e8000000)
  to   space 23552K, 0% used [0x00000000e5200000,0x00000000e5200000,0x00000000e6900000)
 ParOldGen       total 122880K, used 51164K [0x0000000080000000, 0x0000000087800000, 0x00000000d5580000)
  object space 122880K, 41% used [0x0000000080000000,0x00000000831f71a0,0x0000000087800000)
 Metaspace       used 77947K, capacity 81772K, committed 81880K, reserved 1120256K
  class space    used 10249K, capacity 10941K, committed 11008K, reserved 1048576K
}

