# JRE version: OpenJDK Runtime Environment (8.0_242-b01) (build 1.8.0_242-release-1644-b01)
# Java VM: OpenJDK 64-Bit Server VM (25.242-b01 mixed mode windows-amd64 compressed oops)
Heap:
 PSYoungGen      total 54272K, used 16486K [0x00000000d5f00000, 0x00000000daa00000, 0x0000000100000000)
  eden space 49152K, 33% used [0x00000000d5f00000,0x00000000d6f19a60,0x00000000d8f00000)
  from space 5120K, 0% used [0x00000000da000000,0x00000000da000000,0x00000000da500000)
  to   space 5120K, 0% used [0x00000000da500000,0x00000000da500000,0x00000000daa00000)
 ParOldGen       total 66560K, used 25512K [0x0000000081c00000, 0x0000000085d00000, 0x00000000d5f00000)
  object space 66560K, 38% used [0x0000000081c00000,0x00000000834ea020,0x0000000085d00000)
 Metaspace       used 41181K, capacity 41780K, committed 42200K, reserved 1087488K
  class space    used 5124K, capacity 5296K, committed 5376K, reserved 1048576K
GC Heap History (10 events):
Event: 2.376 GC heap before
{Heap before GC invocations=6 (full 1):
 PSYoungGen      total 54272K, used 54249K [0x00000000d5f00000, 0x00000000daa00000, 0x0000000100000000)
  eden space 49152K, 100% used [0x00000000d5f00000,0x00000000d8f00000,0x00000000d8f00000)
  from space 5120K, 99% used [0x00000000da500000,0x00000000da9fa5d8,0x00000000daa00000)
  to   space 5120K, 0% used [0x00000000da000000,0x00000000da000000,0x00000000da500000)
 ParOldGen       total 66560K, used 11476K [0x0000000081c00000, 0x0000000085d00000, 0x00000000d5f00000)
  object space 66560K, 17% used [0x0000000081c00000,0x0000000082735328,0x0000000085d00000)
 Metaspace       used 32409K, capacity 32929K, committed 33280K, reserved 1079296K
  class space    used 4073K, capacity 4251K, committed 4352K, reserved 1048576K
Event: 2.394 GC heap after
Heap after GC invocations=6 (full 1):
 PSYoungGen      total 54272K, used 5091K [0x00000000d5f00000, 0x00000000daa00000, 0x0000000100000000)
  eden space 49152K, 0% used [0x00000000d5f00000,0x00000000d5f00000,0x00000000d8f00000)
  from space 5120K, 99% used [0x00000000da000000,0x00000000da4f8c60,0x00000000da500000)
  to   space 5120K, 0% used [0x00000000da500000,0x00000000da500000,0x00000000daa00000)
 ParOldGen       total 66560K, used 22948K [0x0000000081c00000, 0x0000000085d00000, 0x00000000d5f00000)
  object space 66560K, 34% used [0x0000000081c00000,0x0000000083269168,0x0000000085d00000)
 Metaspace       used 32409K, capacity 32929K, committed 33280K, reserved 1079296K
  class space    used 4073K, capacity 4251K, committed 4352K, reserved 1048576K
}
Event: 2.542 GC heap before
{Heap before GC invocations=7 (full 1):
 PSYoungGen      total 54272K, used 14964K [0x00000000d5f00000, 0x00000000daa00000, 0x0000000100000000)
  eden space 49152K, 20% used [0x00000000d5f00000,0x00000000d68a4718,0x00000000d8f00000)
  from space 5120K, 99% used [0x00000000da000000,0x00000000da4f8c60,0x00000000da500000)
  to   space 5120K, 0% used [0x00000000da500000,0x00000000da500000,0x00000000daa00000)
 ParOldGen       total 66560K, used 22948K [0x0000000081c00000, 0x0000000085d00000, 0x00000000d5f00000)
  object space 66560K, 34% used [0x0000000081c00000,0x0000000083269168,0x0000000085d00000)
 Metaspace       used 34589K, capacity 35026K, committed 35416K, reserved 1081344K
  class space    used 4343K, capacity 4479K, committed 4480K, reserved 1048576K
Event: 2.549 GC heap after
Heap after GC invocations=7 (full 1):
 PSYoungGen      total 54272K, used 5100K [0x00000000d5f00000, 0x00000000daa00000, 0x0000000100000000)
  eden space 49152K, 0% used [0x00000000d5f00000,0x00000000d5f00000,0x00000000d8f00000)
  from space 5120K, 99% used [0x00000000da500000,0x00000000da9fb120,0x00000000daa00000)
  to   space 5120K, 0% used [0x00000000da000000,0x00000000da000000,0x00000000da500000)
 ParOldGen       total 66560K, used 25892K [0x0000000081c00000, 0x0000000085d00000, 0x00000000d5f00000)
  object space 66560K, 38% used [0x0000000081c00000,0x0000000083549058,0x0000000085d00000)
 Metaspace       used 34589K, capacity 35026K, committed 35416K, reserved 1081344K
  class space    used 4343K, capacity 4479K, committed 4480K, reserved 1048576K
}
Event: 2.549 GC heap before
{Heap before GC invocations=8 (full 2):
 PSYoungGen      total 54272K, used 5100K [0x00000000d5f00000, 0x00000000daa00000, 0x0000000100000000)
  eden space 49152K, 0% used [0x00000000d5f00000,0x00000000d5f00000,0x00000000d8f00000)
  from space 5120K, 99% used [0x00000000da500000,0x00000000da9fb120,0x00000000daa00000)
  to   space 5120K, 0% used [0x00000000da000000,0x00000000da000000,0x00000000da500000)
 ParOldGen       total 66560K, used 25892K [0x0000000081c00000, 0x0000000085d00000, 0x00000000d5f00000)
  object space 66560K, 38% used [0x0000000081c00000,0x0000000083549058,0x0000000085d00000)
 Metaspace       used 34589K, capacity 35026K, committed 35416K, reserved 1081344K
  class space    used 4343K, capacity 4479K, committed 4480K, reserved 1048576K
Event: 2.604 GC heap after
Heap after GC invocations=8 (full 2):
 PSYoungGen      total 54272K, used 0K [0x00000000d5f00000, 0x00000000daa00000, 0x0000000100000000)
  eden space 49152K, 0% used [0x00000000d5f00000,0x00000000d5f00000,0x00000000d8f00000)
  from space 5120K, 0% used [0x00000000da500000,0x00000000da500000,0x00000000daa00000)
  to   space 5120K, 0% used [0x00000000da000000,0x00000000da000000,0x00000000da500000)
 ParOldGen       total 66560K, used 16860K [0x0000000081c00000, 0x0000000085d00000, 0x00000000d5f00000)
  object space 66560K, 25% used [0x0000000081c00000,0x0000000082c77158,0x0000000085d00000)
 Metaspace       used 34589K, capacity 35026K, committed 35416K, reserved 1081344K
  class space    used 4343K, capacity 4479K, committed 4480K, reserved 1048576K
}
Event: 3.182 GC heap before
{Heap before GC invocations=9 (full 2):
 PSYoungGen      total 54272K, used 44377K [0x00000000d5f00000, 0x00000000daa00000, 0x0000000100000000)
  eden space 49152K, 90% used [0x00000000d5f00000,0x00000000d8a56510,0x00000000d8f00000)
  from space 5120K, 0% used [0x00000000da500000,0x00000000da500000,0x00000000daa00000)
  to   space 5120K, 0% used [0x00000000da000000,0x00000000da000000,0x00000000da500000)
 ParOldGen       total 66560K, used 16860K [0x0000000081c00000, 0x0000000085d00000, 0x00000000d5f00000)
  object space 66560K, 25% used [0x0000000081c00000,0x0000000082c77158,0x0000000085d00000)
 Metaspace       used 39582K, capacity 40152K, committed 40408K, reserved 1089536K
  class space    used 4943K, capacity 5096K, committed 5120K, reserved 1048576K
Event: 3.189 GC heap after
Heap after GC invocations=9 (full 2):
 PSYoungGen      total 54272K, used 5109K [0x00000000d5f00000, 0x00000000daa00000, 0x0000000100000000)
  eden space 49152K, 0% used [0x00000000d5f00000,0x00000000d5f00000,0x00000000d8f00000)
  from space 5120K, 99% used [0x00000000da000000,0x00000000da4fd660,0x00000000da500000)
  to   space 5120K, 0% used [0x00000000da500000,0x00000000da500000,0x00000000daa00000)
 ParOldGen       total 66560K, used 22817K [0x0000000081c00000, 0x0000000085d00000, 0x00000000d5f00000)
  object space 66560K, 34% used [0x0000000081c00000,0x0000000083248650,0x0000000085d00000)
 Metaspace       used 39582K, capacity 40152K, committed 40408K, reserved 1089536K
  class space    used 4943K, capacity 5096K, committed 5120K, reserved 1048576K
}
Event: 3.189 GC heap before
{Heap before GC invocations=10 (full 3):
 PSYoungGen      total 54272K, used 5109K [0x00000000d5f00000, 0x00000000daa00000, 0x0000000100000000)
  eden space 49152K, 0% used [0x00000000d5f00000,0x00000000d5f00000,0x00000000d8f00000)
  from space 5120K, 99% used [0x00000000da000000,0x00000000da4fd660,0x00000000da500000)
  to   space 5120K, 0% used [0x00000000da500000,0x00000000da500000,0x00000000daa00000)
 ParOldGen       total 66560K, used 22817K [0x0000000081c00000, 0x0000000085d00000, 0x00000000d5f00000)
  object space 66560K, 34% used [0x0000000081c00000,0x0000000083248650,0x0000000085d00000)
 Metaspace       used 39582K, capacity 40152K, committed 40408K, reserved 1089536K
  class space    used 4943K, capacity 5096K, committed 5120K, reserved 1048576K
Event: 3.301 GC heap after
Heap after GC invocations=10 (full 3):
 PSYoungGen      total 54272K, used 0K [0x00000000d5f00000, 0x00000000daa00000, 0x0000000100000000)
  eden space 49152K, 0% used [0x00000000d5f00000,0x00000000d5f00000,0x00000000d8f00000)
  from space 5120K, 0% used [0x00000000da000000,0x00000000da000000,0x00000000da500000)
  to   space 5120K, 0% used [0x00000000da500000,0x00000000da500000,0x00000000daa00000)
 ParOldGen       total 66560K, used 25512K [0x0000000081c00000, 0x0000000085d00000, 0x00000000d5f00000)
  object space 66560K, 38% used [0x0000000081c00000,0x00000000834ea020,0x0000000085d00000)
 Metaspace       used 39582K, capacity 40152K, committed 40408K, reserved 1087488K
  class space    used 4943K, capacity 5096K, committed 5120K, reserved 1048576K
}

